{
  "stats": {
    "suites": 1,
    "tests": 1,
    "passes": 0,
    "pending": 0,
    "failures": 1,
    "start": "2024-08-04T18:01:01.993Z",
    "end": "2024-08-04T18:01:13.441Z",
    "duration": 11448,
    "testsRegistered": 1,
    "passPercent": 0,
    "pendingPercent": 0,
    "other": 0,
    "hasOther": false,
    "skipped": 0,
    "hasSkipped": false
  },
  "results": [
    {
      "uuid": "e07a6941-df0a-4332-aaf6-3e88d8050fd2",
      "title": "",
      "fullFile": "cypress\\e2e\\login.cy.js",
      "file": "cypress\\e2e\\login.cy.js",
      "beforeHooks": [],
      "afterHooks": [],
      "tests": [],
      "suites": [
        {
          "uuid": "6a66204b-2d5f-475f-8ddd-dc0056c81dc8",
          "title": "User login",
          "fullFile": "",
          "file": "",
          "beforeHooks": [],
          "afterHooks": [],
          "tests": [
            {
              "title": "login user with valid credentials",
              "fullTitle": "User login login user with valid credentials",
              "timedOut": null,
              "duration": 11413,
              "state": "failed",
              "speed": null,
              "pass": false,
              "fail": true,
              "pending": false,
              "context": null,
              "code": "await cy.visit('https://x.com/');\nawait cy.get('[data-testid=\"xMigrationBottomBar\"]', {\n  timeout: 20000\n}).should('be.visible').click();\nawait cy.get('[data-testid=\"loginButton\"] > .css-146c3p1').click();\nawait cy.get('.r-1roi411 > :nth-child(1) > .r-16y2uox', {\n  timeout: 5000\n}).should('be.visible'); //wait for login page to load\nawait cy.get('input[autocomplete=\"username\"]').type(\"testid.jyoti8@gmail.com\");\nawait cy.xpath('//*[text()=\"Next\"]//ancestor::button').click();\nif (await cy.get('[data-testid=\"ocfEnterTextTextInput\"]').then($el => {\n  Cypress.dom.isVisible($el); // true\n})) {\n  await cy.get('[data-testid=\"ocfEnterTextTextInput\"]').type('Testid738071');\n  await cy.get('[data-testid=\"ocfEnterTextNextButton\"]').click();\n}\nawait cy.xpath('//*[contains(@name,\"password\")]').type(\"India@123\");\nawait cy.get('button[data-testid=\"LoginForm_Login_Button\"]').click();\nawait cy.wait(50000);",
              "err": {
                "message": "CypressError: Cypress test was stopped while running this command.",
                "estack": "CypressError: Cypress test was stopped while running this command.\n    at cypressErr (https://x.com/__cypress/runner/cypress_runner.js:76024:18)\n    at Object.errByPath (https://x.com/__cypress/runner/cypress_runner.js:76078:10)\n    at https://x.com/__cypress/runner/cypress_runner.js:145922:72",
                "diff": null
              },
              "uuid": "7d066b3c-9e7b-4b52-83fe-b3f5e970f30c",
              "parentUUID": "6a66204b-2d5f-475f-8ddd-dc0056c81dc8",
              "isHook": false,
              "skipped": false
            }
          ],
          "suites": [],
          "passes": [],
          "failures": [
            "7d066b3c-9e7b-4b52-83fe-b3f5e970f30c"
          ],
          "pending": [],
          "skipped": [],
          "duration": 11413,
          "root": false,
          "rootEmpty": false,
          "_timeout": 2000
        }
      ],
      "passes": [],
      "failures": [],
      "pending": [],
      "skipped": [],
      "duration": 0,
      "root": true,
      "rootEmpty": true,
      "_timeout": 2000
    }
  ],
  "meta": {
    "mocha": {
      "version": "7.0.1"
    },
    "mochawesome": {
      "options": {
        "quiet": false,
        "reportFilename": "mochawesome",
        "saveHtml": false,
        "saveJson": true,
        "consoleReporter": "spec",
        "useInlineDiffs": false,
        "code": true
      },
      "version": "7.1.3"
    },
    "marge": {
      "options": {
        "reportDir": "cypress/results",
        "overwrite": true,
        "html": false,
        "json": true
      },
      "version": "6.2.0"
    }
  }
}